<?xml version="1.0" encoding="UTF-8"?>
<!-- Generated by org.testng.reporters.JUnitXMLReporter -->
<testsuite ignored="0" hostname="DESKTOP-TI0MANC" failures="0" tests="9" name="Default test" time="186.502" errors="0" timestamp="2022-09-02T01:23:13 IST">
  <testcase classname="Test.PracticeTest" name="brokenLinkTest" time="5.422"/>
  <testcase classname="Test.PracticeTest" name="buttonsTest" time="0.771"/>
  <testcase classname="Test.PracticeTest" name="checkBoxTest" time="0.385"/>
  <testcase classname="Test.PracticeTest" name="dynamicPropertiesTest" time="0.216"/>
  <testcase classname="Test.PracticeTest" name="linksTest" time="1.136"/>
  <testcase classname="Test.PracticeTest" name="radioButtonTest" time="0.265"/>
  <testcase classname="Test.PracticeTest" name="textBoxTest" time="2.231"/>
  <testcase classname="Test.PracticeTest" name="uploadTest" time="2.56"/>
  <testcase classname="Test.PracticeTest" name="webTableTest" time="2.6"/>
</testsuite> <!-- Default test -->
