<?xml version="1.0" encoding="UTF-8"?>
<testng-results ignored="0" total="9" passed="9" failed="0" skipped="0">
  <reporter-output>
  </reporter-output>
  <suite started-at="2022-09-02T01:20:06 IST" name="Default suite" finished-at="2022-09-02T01:23:13 IST" duration-ms="186502">
    <groups>
    </groups>
    <test started-at="2022-09-02T01:20:06 IST" name="Default test" finished-at="2022-09-02T01:23:13 IST" duration-ms="186502">
      <class name="Test.PracticeTest">
        <test-method is-config="true" signature="openBrowser()[pri:0, instance:Test.PracticeTest@38d8f54a]" started-at="2022-09-02T01:20:06 IST" name="openBrowser" finished-at="2022-09-02T01:20:17 IST" duration-ms="10708" status="PASS">
          <reporter-output>
          </reporter-output>
        </test-method> <!-- openBrowser -->
        <test-method signature="brokenLinkTest()[pri:0, instance:Test.PracticeTest@38d8f54a]" started-at="2022-09-02T01:20:17 IST" name="brokenLinkTest" finished-at="2022-09-02T01:20:22 IST" duration-ms="5422" status="PASS">
          <reporter-output>
          </reporter-output>
        </test-method> <!-- brokenLinkTest -->
        <test-method is-config="true" signature="takeScreenShot()[pri:0, instance:Test.PracticeTest@38d8f54a]" started-at="2022-09-02T01:20:22 IST" name="takeScreenShot" finished-at="2022-09-02T01:20:23 IST" duration-ms="303" status="PASS">
          <reporter-output>
          </reporter-output>
        </test-method> <!-- takeScreenShot -->
        <test-method is-config="true" signature="openBrowser()[pri:0, instance:Test.PracticeTest@38d8f54a]" started-at="2022-09-02T01:20:23 IST" name="openBrowser" finished-at="2022-09-02T01:20:33 IST" duration-ms="10426" status="PASS">
          <reporter-output>
          </reporter-output>
        </test-method> <!-- openBrowser -->
        <test-method signature="buttonsTest()[pri:0, instance:Test.PracticeTest@38d8f54a]" started-at="2022-09-02T01:20:33 IST" name="buttonsTest" finished-at="2022-09-02T01:20:34 IST" duration-ms="771" status="PASS">
          <reporter-output>
          </reporter-output>
        </test-method> <!-- buttonsTest -->
        <test-method is-config="true" signature="takeScreenShot()[pri:0, instance:Test.PracticeTest@38d8f54a]" started-at="2022-09-02T01:20:34 IST" name="takeScreenShot" finished-at="2022-09-02T01:20:34 IST" duration-ms="394" status="PASS">
          <reporter-output>
          </reporter-output>
        </test-method> <!-- takeScreenShot -->
        <test-method is-config="true" signature="openBrowser()[pri:0, instance:Test.PracticeTest@38d8f54a]" started-at="2022-09-02T01:20:34 IST" name="openBrowser" finished-at="2022-09-02T01:20:50 IST" duration-ms="15665" status="PASS">
          <reporter-output>
          </reporter-output>
        </test-method> <!-- openBrowser -->
        <test-method signature="checkBoxTest()[pri:0, instance:Test.PracticeTest@38d8f54a]" started-at="2022-09-02T01:20:50 IST" name="checkBoxTest" finished-at="2022-09-02T01:20:50 IST" duration-ms="385" status="PASS">
          <reporter-output>
          </reporter-output>
        </test-method> <!-- checkBoxTest -->
        <test-method is-config="true" signature="takeScreenShot()[pri:0, instance:Test.PracticeTest@38d8f54a]" started-at="2022-09-02T01:20:50 IST" name="takeScreenShot" finished-at="2022-09-02T01:20:51 IST" duration-ms="426" status="PASS">
          <reporter-output>
          </reporter-output>
        </test-method> <!-- takeScreenShot -->
        <test-method is-config="true" signature="openBrowser()[pri:0, instance:Test.PracticeTest@38d8f54a]" started-at="2022-09-02T01:20:51 IST" name="openBrowser" finished-at="2022-09-02T01:21:12 IST" duration-ms="21135" status="PASS">
          <reporter-output>
          </reporter-output>
        </test-method> <!-- openBrowser -->
        <test-method signature="dynamicPropertiesTest()[pri:0, instance:Test.PracticeTest@38d8f54a]" started-at="2022-09-02T01:21:12 IST" name="dynamicPropertiesTest" finished-at="2022-09-02T01:21:12 IST" duration-ms="216" status="PASS">
          <reporter-output>
          </reporter-output>
        </test-method> <!-- dynamicPropertiesTest -->
        <test-method is-config="true" signature="takeScreenShot()[pri:0, instance:Test.PracticeTest@38d8f54a]" started-at="2022-09-02T01:21:12 IST" name="takeScreenShot" finished-at="2022-09-02T01:21:12 IST" duration-ms="362" status="PASS">
          <reporter-output>
          </reporter-output>
        </test-method> <!-- takeScreenShot -->
        <test-method is-config="true" signature="openBrowser()[pri:0, instance:Test.PracticeTest@38d8f54a]" started-at="2022-09-02T01:21:12 IST" name="openBrowser" finished-at="2022-09-02T01:21:30 IST" duration-ms="17847" status="PASS">
          <reporter-output>
          </reporter-output>
        </test-method> <!-- openBrowser -->
        <test-method signature="linksTest()[pri:0, instance:Test.PracticeTest@38d8f54a]" started-at="2022-09-02T01:21:30 IST" name="linksTest" finished-at="2022-09-02T01:21:31 IST" duration-ms="1136" status="PASS">
          <reporter-output>
          </reporter-output>
        </test-method> <!-- linksTest -->
        <test-method is-config="true" signature="takeScreenShot()[pri:0, instance:Test.PracticeTest@38d8f54a]" started-at="2022-09-02T01:21:31 IST" name="takeScreenShot" finished-at="2022-09-02T01:21:32 IST" duration-ms="449" status="PASS">
          <reporter-output>
          </reporter-output>
        </test-method> <!-- takeScreenShot -->
        <test-method is-config="true" signature="openBrowser()[pri:0, instance:Test.PracticeTest@38d8f54a]" started-at="2022-09-02T01:21:32 IST" name="openBrowser" finished-at="2022-09-02T01:21:53 IST" duration-ms="21275" status="PASS">
          <reporter-output>
          </reporter-output>
        </test-method> <!-- openBrowser -->
        <test-method signature="radioButtonTest()[pri:0, instance:Test.PracticeTest@38d8f54a]" started-at="2022-09-02T01:21:53 IST" name="radioButtonTest" finished-at="2022-09-02T01:21:53 IST" duration-ms="265" status="PASS">
          <reporter-output>
          </reporter-output>
        </test-method> <!-- radioButtonTest -->
        <test-method is-config="true" signature="takeScreenShot()[pri:0, instance:Test.PracticeTest@38d8f54a]" started-at="2022-09-02T01:21:53 IST" name="takeScreenShot" finished-at="2022-09-02T01:21:54 IST" duration-ms="572" status="PASS">
          <reporter-output>
          </reporter-output>
        </test-method> <!-- takeScreenShot -->
        <test-method is-config="true" signature="openBrowser()[pri:0, instance:Test.PracticeTest@38d8f54a]" started-at="2022-09-02T01:21:54 IST" name="openBrowser" finished-at="2022-09-02T01:22:17 IST" duration-ms="23495" status="PASS">
          <reporter-output>
          </reporter-output>
        </test-method> <!-- openBrowser -->
        <test-method signature="textBoxTest()[pri:0, instance:Test.PracticeTest@38d8f54a]" started-at="2022-09-02T01:22:17 IST" name="textBoxTest" finished-at="2022-09-02T01:22:20 IST" duration-ms="2231" status="PASS">
          <reporter-output>
          </reporter-output>
        </test-method> <!-- textBoxTest -->
        <test-method is-config="true" signature="takeScreenShot()[pri:0, instance:Test.PracticeTest@38d8f54a]" started-at="2022-09-02T01:22:20 IST" name="takeScreenShot" finished-at="2022-09-02T01:22:20 IST" duration-ms="316" status="PASS">
          <reporter-output>
          </reporter-output>
        </test-method> <!-- takeScreenShot -->
        <test-method is-config="true" signature="openBrowser()[pri:0, instance:Test.PracticeTest@38d8f54a]" started-at="2022-09-02T01:22:20 IST" name="openBrowser" finished-at="2022-09-02T01:22:45 IST" duration-ms="25289" status="PASS">
          <reporter-output>
          </reporter-output>
        </test-method> <!-- openBrowser -->
        <test-method signature="uploadTest()[pri:0, instance:Test.PracticeTest@38d8f54a]" started-at="2022-09-02T01:22:45 IST" name="uploadTest" finished-at="2022-09-02T01:22:48 IST" duration-ms="2560" status="PASS">
          <reporter-output>
          </reporter-output>
        </test-method> <!-- uploadTest -->
        <test-method is-config="true" signature="takeScreenShot()[pri:0, instance:Test.PracticeTest@38d8f54a]" started-at="2022-09-02T01:22:48 IST" name="takeScreenShot" finished-at="2022-09-02T01:22:49 IST" duration-ms="728" status="PASS">
          <reporter-output>
          </reporter-output>
        </test-method> <!-- takeScreenShot -->
        <test-method is-config="true" signature="openBrowser()[pri:0, instance:Test.PracticeTest@38d8f54a]" started-at="2022-09-02T01:22:49 IST" name="openBrowser" finished-at="2022-09-02T01:23:10 IST" duration-ms="21054" status="PASS">
          <reporter-output>
          </reporter-output>
        </test-method> <!-- openBrowser -->
        <test-method signature="webTableTest()[pri:0, instance:Test.PracticeTest@38d8f54a]" started-at="2022-09-02T01:23:10 IST" name="webTableTest" finished-at="2022-09-02T01:23:12 IST" duration-ms="2600" status="PASS">
          <reporter-output>
          </reporter-output>
        </test-method> <!-- webTableTest -->
        <test-method is-config="true" signature="takeScreenShot()[pri:0, instance:Test.PracticeTest@38d8f54a]" started-at="2022-09-02T01:23:12 IST" name="takeScreenShot" finished-at="2022-09-02T01:23:13 IST" duration-ms="383" status="PASS">
          <reporter-output>
          </reporter-output>
        </test-method> <!-- takeScreenShot -->
      </class> <!-- Test.PracticeTest -->
    </test> <!-- Default test -->
  </suite> <!-- Default suite -->
</testng-results>
